<?xml version="1.0" encoding="UTF-8"?>
<testng-results skipped="0" failed="2" ignored="0" total="6" passed="4">
  <reporter-output>
  </reporter-output>
  <suite name="UnDosTres" duration-ms="187834" started-at="2020-09-30T14:09:02 IST" finished-at="2020-09-30T14:12:10 IST">
    <groups>
      <group name="homePage">
        <method signature="HomePageTest.validateHomePageIsGettingOpen()[pri:0, instance:org.UnDosTres.test.HomePageTest@146587a2, instance params:[Chrome, Telcel, 5523261151, Recarga Saldo, 10, Yes]]" name="validateHomePageIsGettingOpen" class="org.UnDosTres.test.HomePageTest"/>
        <method signature="HomePageTest.validateHomePageIsGettingOpen()[pri:0, instance:org.UnDosTres.test.HomePageTest@5f0e9815, instance params:[Edge, Telcel, 5523261151, Paquete Amigo, 80, Yes]]" name="validateHomePageIsGettingOpen" class="org.UnDosTres.test.HomePageTest"/>
        <method signature="HomePageTest.validateRecargaCelularIsShown()[pri:0, instance:org.UnDosTres.test.HomePageTest@146587a2, instance params:[Chrome, Telcel, 5523261151, Recarga Saldo, 10, Yes]]" name="validateRecargaCelularIsShown" class="org.UnDosTres.test.HomePageTest"/>
        <method signature="HomePageTest.validateRecargaCelularIsShown()[pri:0, instance:org.UnDosTres.test.HomePageTest@5f0e9815, instance params:[Edge, Telcel, 5523261151, Paquete Amigo, 80, Yes]]" name="validateRecargaCelularIsShown" class="org.UnDosTres.test.HomePageTest"/>
      </group> <!-- homePage -->
    </groups>
    <test name="UnDosTres HomePage" duration-ms="187834" started-at="2020-09-30T14:09:02 IST" finished-at="2020-09-30T14:12:10 IST">
      <class name="org.UnDosTres.test.HomePageTest">
        <test-method status="PASS" signature="beforeStartOfClass()[pri:0, instance:org.UnDosTres.test.HomePageTest@5f0e9815]" name="beforeStartOfClass" is-config="true" duration-ms="8" started-at="2020-09-30T14:09:02 IST" finished-at="2020-09-30T14:09:02 IST">
          <reporter-output>
          </reporter-output>
        </test-method> <!-- beforeStartOfClass -->
        <test-method status="PASS" signature="setUp(org.testng.ITestContext)[pri:0, instance:org.UnDosTres.test.HomePageTest@5f0e9815]" name="setUp" is-config="true" duration-ms="12292" started-at="2020-09-30T14:09:02 IST" finished-at="2020-09-30T14:09:14 IST">
          <params>
            <param index="0">
              <value>
                <![CDATA[org.testng.TestRunner@289f15e9]]>
              </value>
            </param>
          </params>
          <reporter-output>
          </reporter-output>
        </test-method> <!-- setUp -->
        <test-method status="PASS" signature="validateHomePageIsGettingOpen()[pri:0, instance:org.UnDosTres.test.HomePageTest@146587a2, instance params:[Chrome, Telcel, 5523261151, Recarga Saldo, 10, Yes]]" name="validateHomePageIsGettingOpen" duration-ms="2040" started-at="2020-09-30T14:09:14 IST" finished-at="2020-09-30T14:09:16 IST">
          <reporter-output>
          </reporter-output>
        </test-method> <!-- validateHomePageIsGettingOpen -->
        <test-method status="PASS" signature="tearDown()[pri:0, instance:org.UnDosTres.test.HomePageTest@5f0e9815]" name="tearDown" is-config="true" duration-ms="891" started-at="2020-09-30T14:09:16 IST" finished-at="2020-09-30T14:09:17 IST">
          <reporter-output>
          </reporter-output>
        </test-method> <!-- tearDown -->
        <test-method status="PASS" signature="setUp(org.testng.ITestContext)[pri:0, instance:org.UnDosTres.test.HomePageTest@5f0e9815]" name="setUp" is-config="true" duration-ms="12922" started-at="2020-09-30T14:09:17 IST" finished-at="2020-09-30T14:09:30 IST">
          <params>
            <param index="0">
              <value>
                <![CDATA[org.testng.TestRunner@289f15e9]]>
              </value>
            </param>
          </params>
          <reporter-output>
          </reporter-output>
        </test-method> <!-- setUp -->
        <test-method status="PASS" signature="validateRecargaCelularIsShown()[pri:0, instance:org.UnDosTres.test.HomePageTest@146587a2, instance params:[Chrome, Telcel, 5523261151, Recarga Saldo, 10, Yes]]" name="validateRecargaCelularIsShown" duration-ms="2217" started-at="2020-09-30T14:09:30 IST" depends-on-methods="org.UnDosTres.test.HomePageTest.validateHomePageIsGettingOpen" finished-at="2020-09-30T14:09:32 IST">
          <reporter-output>
          </reporter-output>
        </test-method> <!-- validateRecargaCelularIsShown -->
        <test-method status="PASS" signature="tearDown()[pri:0, instance:org.UnDosTres.test.HomePageTest@5f0e9815]" name="tearDown" is-config="true" duration-ms="739" started-at="2020-09-30T14:09:32 IST" finished-at="2020-09-30T14:09:33 IST">
          <reporter-output>
          </reporter-output>
        </test-method> <!-- tearDown -->
        <test-method status="PASS" signature="setUp(org.testng.ITestContext)[pri:0, instance:org.UnDosTres.test.HomePageTest@5f0e9815]" name="setUp" is-config="true" duration-ms="13139" started-at="2020-09-30T14:09:33 IST" finished-at="2020-09-30T14:09:46 IST">
          <params>
            <param index="0">
              <value>
                <![CDATA[org.testng.TestRunner@289f15e9]]>
              </value>
            </param>
          </params>
          <reporter-output>
          </reporter-output>
        </test-method> <!-- setUp -->
        <test-method status="PASS" signature="validateHomePageIsGettingOpen()[pri:0, instance:org.UnDosTres.test.HomePageTest@5f0e9815, instance params:[Edge, Telcel, 5523261151, Paquete Amigo, 80, Yes]]" name="validateHomePageIsGettingOpen" duration-ms="120" started-at="2020-09-30T14:09:46 IST" finished-at="2020-09-30T14:09:46 IST">
          <reporter-output>
          </reporter-output>
        </test-method> <!-- validateHomePageIsGettingOpen -->
        <test-method status="PASS" signature="tearDown()[pri:0, instance:org.UnDosTres.test.HomePageTest@5f0e9815]" name="tearDown" is-config="true" duration-ms="1170" started-at="2020-09-30T14:09:46 IST" finished-at="2020-09-30T14:09:47 IST">
          <reporter-output>
          </reporter-output>
        </test-method> <!-- tearDown -->
        <test-method status="PASS" signature="setUp(org.testng.ITestContext)[pri:0, instance:org.UnDosTres.test.HomePageTest@5f0e9815]" name="setUp" is-config="true" duration-ms="14213" started-at="2020-09-30T14:09:47 IST" finished-at="2020-09-30T14:10:02 IST">
          <params>
            <param index="0">
              <value>
                <![CDATA[org.testng.TestRunner@289f15e9]]>
              </value>
            </param>
          </params>
          <reporter-output>
          </reporter-output>
        </test-method> <!-- setUp -->
        <test-method status="PASS" signature="validateRecargaCelularIsShown()[pri:0, instance:org.UnDosTres.test.HomePageTest@5f0e9815, instance params:[Edge, Telcel, 5523261151, Paquete Amigo, 80, Yes]]" name="validateRecargaCelularIsShown" duration-ms="200" started-at="2020-09-30T14:10:02 IST" depends-on-methods="org.UnDosTres.test.HomePageTest.validateHomePageIsGettingOpen" finished-at="2020-09-30T14:10:02 IST">
          <reporter-output>
          </reporter-output>
        </test-method> <!-- validateRecargaCelularIsShown -->
        <test-method status="PASS" signature="tearDown()[pri:0, instance:org.UnDosTres.test.HomePageTest@5f0e9815]" name="tearDown" is-config="true" duration-ms="1127" started-at="2020-09-30T14:10:02 IST" finished-at="2020-09-30T14:10:03 IST">
          <reporter-output>
          </reporter-output>
        </test-method> <!-- tearDown -->
      </class> <!-- org.UnDosTres.test.HomePageTest -->
      <class name="org.UnDosTres.test.PaymentDetailPageTest">
        <test-method status="PASS" signature="setUp(org.testng.ITestContext)[pri:0, instance:org.UnDosTres.test.PaymentDetailPageTest@115667d]" name="setUp" is-config="true" duration-ms="39400" started-at="2020-09-30T14:10:03 IST" finished-at="2020-09-30T14:10:42 IST">
          <params>
            <param index="0">
              <value>
                <![CDATA[org.testng.TestRunner@289f15e9]]>
              </value>
            </param>
          </params>
          <reporter-output>
          </reporter-output>
        </test-method> <!-- setUp -->
        <test-method status="FAIL" signature="validatePaymentHasBeenCompletedThroughCard()[pri:0, instance:org.UnDosTres.test.PaymentDetailPageTest@115667d, instance params:[Edge, Telcel, 5523261151, Paquete Amigo, 80, Test, 4111111111111111, 11, 2025, 111, test@test.com, automationexcersise@test.com, 123456, Yes]]" name="validatePaymentHasBeenCompletedThroughCard" duration-ms="23723" started-at="2020-09-30T14:10:42 IST" finished-at="2020-09-30T14:11:06 IST">
          <exception class="java.lang.AssertionError">
            <message>
              <![CDATA[Unable to submit recharge as Pop Up Is not getting disappear expected [true] but found [false]]]>
            </message>
            <full-stacktrace>
              <![CDATA[java.lang.AssertionError: Unable to submit recharge as Pop Up Is not getting disappear expected [true] but found [false]
at org.testng.Assert.fail(Assert.java:97)
at org.testng.Assert.failNotEquals(Assert.java:969)
at org.testng.Assert.assertTrue(Assert.java:43)
at org.UnDosTres.test.PaymentDetailPageTest.validatePaymentHasBeenCompletedThroughCard(PaymentDetailPageTest.java:75)
at sun.reflect.NativeMethodAccessorImpl.invoke0(Native Method)
at sun.reflect.NativeMethodAccessorImpl.invoke(NativeMethodAccessorImpl.java:62)
at sun.reflect.DelegatingMethodAccessorImpl.invoke(DelegatingMethodAccessorImpl.java:43)
at java.lang.reflect.Method.invoke(Method.java:498)
at org.testng.internal.MethodInvocationHelper.invokeMethod(MethodInvocationHelper.java:134)
at org.testng.internal.TestInvoker.invokeMethod(TestInvoker.java:597)
at org.testng.internal.TestInvoker.invokeTestMethod(TestInvoker.java:173)
at org.testng.internal.MethodRunner.runInSequence(MethodRunner.java:46)
at org.testng.internal.TestInvoker$MethodInvocationAgent.invoke(TestInvoker.java:816)
at org.testng.internal.TestInvoker.invokeTestMethods(TestInvoker.java:146)
at org.testng.internal.TestMethodWorker.invokeTestMethods(TestMethodWorker.java:146)
at org.testng.internal.TestMethodWorker.run(TestMethodWorker.java:128)
at java.util.ArrayList.forEach(ArrayList.java:1259)
at org.testng.TestRunner.privateRun(TestRunner.java:766)
at org.testng.TestRunner.run(TestRunner.java:587)
at org.testng.SuiteRunner.runTest(SuiteRunner.java:384)
at org.testng.SuiteRunner.runSequentially(SuiteRunner.java:378)
at org.testng.SuiteRunner.privateRun(SuiteRunner.java:337)
at org.testng.SuiteRunner.run(SuiteRunner.java:286)
at org.testng.SuiteRunnerWorker.runSuite(SuiteRunnerWorker.java:53)
at org.testng.SuiteRunnerWorker.run(SuiteRunnerWorker.java:96)
at org.testng.TestNG.runSuitesSequentially(TestNG.java:1187)
at org.testng.TestNG.runSuitesLocally(TestNG.java:1109)
at org.testng.TestNG.runSuites(TestNG.java:1039)
at org.testng.TestNG.run(TestNG.java:1007)
at org.apache.maven.surefire.testng.TestNGExecutor.run(TestNGExecutor.java:283)
at org.apache.maven.surefire.testng.TestNGXmlTestSuite.execute(TestNGXmlTestSuite.java:75)
at org.apache.maven.surefire.testng.TestNGProvider.invoke(TestNGProvider.java:120)
at org.apache.maven.surefire.booter.ForkedBooter.invokeProviderInSameClassLoader(ForkedBooter.java:384)
at org.apache.maven.surefire.booter.ForkedBooter.runSuitesInProcess(ForkedBooter.java:345)
at org.apache.maven.surefire.booter.ForkedBooter.execute(ForkedBooter.java:126)
at org.apache.maven.surefire.booter.ForkedBooter.main(ForkedBooter.java:418)
]]>
            </full-stacktrace>
          </exception> <!-- java.lang.AssertionError -->
          <reporter-output>
          </reporter-output>
        </test-method> <!-- validatePaymentHasBeenCompletedThroughCard -->
        <test-method status="PASS" signature="tearDown()[pri:0, instance:org.UnDosTres.test.PaymentDetailPageTest@115667d]" name="tearDown" is-config="true" duration-ms="1231" started-at="2020-09-30T14:11:07 IST" finished-at="2020-09-30T14:11:08 IST">
          <reporter-output>
          </reporter-output>
        </test-method> <!-- tearDown -->
        <test-method status="PASS" signature="setUp(org.testng.ITestContext)[pri:0, instance:org.UnDosTres.test.PaymentDetailPageTest@115667d]" name="setUp" is-config="true" duration-ms="35659" started-at="2020-09-30T14:11:08 IST" finished-at="2020-09-30T14:11:44 IST">
          <params>
            <param index="0">
              <value>
                <![CDATA[org.testng.TestRunner@289f15e9]]>
              </value>
            </param>
          </params>
          <reporter-output>
          </reporter-output>
        </test-method> <!-- setUp -->
        <test-method status="FAIL" signature="validatePaymentHasBeenCompletedThroughCard()[pri:0, instance:org.UnDosTres.test.PaymentDetailPageTest@1e636ea3, instance params:[Chrome, Telcel, 5523261151, Recarga Saldo, 10, Test, 4111111111111111, 11, 2025, 111, test@test.com, automationexcersise@test.com, 123456, Yes]]" name="validatePaymentHasBeenCompletedThroughCard" duration-ms="24845" started-at="2020-09-30T14:11:44 IST" finished-at="2020-09-30T14:12:08 IST">
          <exception class="java.lang.AssertionError">
            <message>
              <![CDATA[Unable to submit recharge as Pop Up Is not getting disappear expected [true] but found [false]]]>
            </message>
            <full-stacktrace>
              <![CDATA[java.lang.AssertionError: Unable to submit recharge as Pop Up Is not getting disappear expected [true] but found [false]
at org.testng.Assert.fail(Assert.java:97)
at org.testng.Assert.failNotEquals(Assert.java:969)
at org.testng.Assert.assertTrue(Assert.java:43)
at org.UnDosTres.test.PaymentDetailPageTest.validatePaymentHasBeenCompletedThroughCard(PaymentDetailPageTest.java:75)
at sun.reflect.NativeMethodAccessorImpl.invoke0(Native Method)
at sun.reflect.NativeMethodAccessorImpl.invoke(NativeMethodAccessorImpl.java:62)
at sun.reflect.DelegatingMethodAccessorImpl.invoke(DelegatingMethodAccessorImpl.java:43)
at java.lang.reflect.Method.invoke(Method.java:498)
at org.testng.internal.MethodInvocationHelper.invokeMethod(MethodInvocationHelper.java:134)
at org.testng.internal.TestInvoker.invokeMethod(TestInvoker.java:597)
at org.testng.internal.TestInvoker.invokeTestMethod(TestInvoker.java:173)
at org.testng.internal.MethodRunner.runInSequence(MethodRunner.java:46)
at org.testng.internal.TestInvoker$MethodInvocationAgent.invoke(TestInvoker.java:816)
at org.testng.internal.TestInvoker.invokeTestMethods(TestInvoker.java:146)
at org.testng.internal.TestMethodWorker.invokeTestMethods(TestMethodWorker.java:146)
at org.testng.internal.TestMethodWorker.run(TestMethodWorker.java:128)
at java.util.ArrayList.forEach(ArrayList.java:1259)
at org.testng.TestRunner.privateRun(TestRunner.java:766)
at org.testng.TestRunner.run(TestRunner.java:587)
at org.testng.SuiteRunner.runTest(SuiteRunner.java:384)
at org.testng.SuiteRunner.runSequentially(SuiteRunner.java:378)
at org.testng.SuiteRunner.privateRun(SuiteRunner.java:337)
at org.testng.SuiteRunner.run(SuiteRunner.java:286)
at org.testng.SuiteRunnerWorker.runSuite(SuiteRunnerWorker.java:53)
at org.testng.SuiteRunnerWorker.run(SuiteRunnerWorker.java:96)
at org.testng.TestNG.runSuitesSequentially(TestNG.java:1187)
at org.testng.TestNG.runSuitesLocally(TestNG.java:1109)
at org.testng.TestNG.runSuites(TestNG.java:1039)
at org.testng.TestNG.run(TestNG.java:1007)
at org.apache.maven.surefire.testng.TestNGExecutor.run(TestNGExecutor.java:283)
at org.apache.maven.surefire.testng.TestNGXmlTestSuite.execute(TestNGXmlTestSuite.java:75)
at org.apache.maven.surefire.testng.TestNGProvider.invoke(TestNGProvider.java:120)
at org.apache.maven.surefire.booter.ForkedBooter.invokeProviderInSameClassLoader(ForkedBooter.java:384)
at org.apache.maven.surefire.booter.ForkedBooter.runSuitesInProcess(ForkedBooter.java:345)
at org.apache.maven.surefire.booter.ForkedBooter.execute(ForkedBooter.java:126)
at org.apache.maven.surefire.booter.ForkedBooter.main(ForkedBooter.java:418)
]]>
            </full-stacktrace>
          </exception> <!-- java.lang.AssertionError -->
          <reporter-output>
          </reporter-output>
        </test-method> <!-- validatePaymentHasBeenCompletedThroughCard -->
        <test-method status="PASS" signature="tearDown()[pri:0, instance:org.UnDosTres.test.PaymentDetailPageTest@115667d]" name="tearDown" is-config="true" duration-ms="711" started-at="2020-09-30T14:12:09 IST" finished-at="2020-09-30T14:12:10 IST">
          <reporter-output>
          </reporter-output>
        </test-method> <!-- tearDown -->
      </class> <!-- org.UnDosTres.test.PaymentDetailPageTest -->
    </test> <!-- UnDosTres HomePage -->
  </suite> <!-- UnDosTres -->
</testng-results>
