<?xml version="1.0" encoding="UTF-8"?>
<testsuite xmlns:xsi="http://www.w3.org/2001/XMLSchema-instance" xsi:noNamespaceSchemaLocation="https://maven.apache.org/surefire/maven-surefire-plugin/xsd/surefire-test-report.xsd" name="TestSuite" time="191.237" tests="6" errors="0" skipped="0" failures="2">
  <properties>
[...]
</properties>
  <testcase name="validateHomePageIsGettingOpen" classname="org.UnDosTres.test.HomePageTest" time="2.063"/>
  <testcase name="validateHomePageIsGettingOpen" classname="org.UnDosTres.test.HomePageTest" time="0.126"/>
  <testcase name="validateRecargaCelularIsShown" classname="org.UnDosTres.test.HomePageTest" time="2.23"/>
  <testcase name="validateRecargaCelularIsShown" classname="org.UnDosTres.test.HomePageTest" time="0.203"/>
  <testcase name="validatePaymentHasBeenCompletedThroughCard" classname="org.UnDosTres.test.PaymentDetailPageTest" time="24.305">
    <failure message="Unable to submit recharge as Pop Up Is not getting disappear expected [true] but found [false]" type="java.lang.AssertionError">java.lang.AssertionError: Unable to submit recharge as Pop Up Is not getting disappear expected [true] but found [false]
	at org.UnDosTres.test.PaymentDetailPageTest.validatePaymentHasBeenCompletedThroughCard(PaymentDetailPageTest.java:75)
</failure>
    <system-out><![CDATA[14:10:03.509 [main] INFO  UnDosTres - Currently executing PaymentDetail Test cases, Initializing browser Edge
14:10:09.142 [main] INFO  UnDosTres - Browser->edge has been opened successfully
14:10:14.621 [main] INFO  UnDosTres - Url Has been entered-> http://prueba.undostres.com.mx
14:10:20.580 [main] INFO  UnDosTres - Click on the operator field to open the operator list
14:10:21.230 [main] INFO  UnDosTres - Oprator list has been found, number of operator in list are->14
14:10:21.769 [main] INFO  UnDosTres - Operator selected as Telcel successfully
14:10:22.547 [main] INFO  UnDosTres - Element with 5523261151 entered successfully
14:10:22.547 [main] INFO  UnDosTres - Mobile Number->5523261151 has been entered successfully
14:10:22.882 [main] INFO  UnDosTres - Getting recharge type web element Paquete Amigo
14:10:22.905 [main] INFO  UnDosTres - Recharge type webelement has been found successfully
14:10:23.199 [main] INFO  UnDosTres - Click over Recharge type->Paquete Amigo
14:10:23.771 [main] INFO  UnDosTres - Clicked on the amount 80
14:10:23.771 [main] INFO  UnDosTres - Going to click on submit button to move towards payment page
14:10:24.712 [main] INFO  UnDosTres - Clicked on perform payment button
14:10:39.722 [main] INFO  UnDosTres - Element with Test entered successfully
14:10:40.407 [main] INFO  UnDosTres - Element with 4111111111111111 entered successfully
14:10:40.932 [main] INFO  UnDosTres - Element with 11 entered successfully
14:10:41.335 [main] INFO  UnDosTres - Element with 2025 entered successfully
14:10:41.806 [main] INFO  UnDosTres - Element with 111 entered successfully
14:10:42.268 [main] INFO  UnDosTres - Element with test@test.com entered successfully
14:10:42.910 [main] INFO  UnDosTres - EdgeBrowser Start Execution of test case ->validatePaymentHasBeenCompletedThroughCard
14:10:43.583 [main] INFO  UnDosTres - Element with automationexcersise@test.com entered successfully
14:10:44.020 [main] INFO  UnDosTres - Element with 123456 entered successfully
Pop Up Is Still Visible
14:11:06.611 [main] ERROR UnDosTres - Pop Up Is Still Visbile Unable to check if recharge is successfull 
org.openqa.selenium.TimeoutException: Expected condition failed: waiting for element to no longer be visible: By.cssSelector: img.fbloginButton (tried for 20 second(s) with 2000 milliseconds interval)
Build info: version: '3.141.59', revision: 'e82be7d358', time: '2018-11-14T08:17:03'
System info: host: 'LAPTOP-S4EEHFLF', ip: '192.168.1.6', os.name: 'Windows 10', os.arch: 'amd64', os.version: '10.0', java.version: '1.8.0_261'
Driver info: driver.version: unknown
	at org.UnDosTres.pages.PaymentDetailPage.fillPopUpAndClickSubmit(PaymentDetailPage.java:156) ~[classes/:?]
	at org.UnDosTres.test.PaymentDetailPageTest.validatePaymentHasBeenCompletedThroughCard(PaymentDetailPageTest.java:75) ~[test-classes/:?]
	at sun.reflect.NativeMethodAccessorImpl.invoke0(Native Method) ~[?:1.8.0_261]
	at sun.reflect.NativeMethodAccessorImpl.invoke(NativeMethodAccessorImpl.java:62) ~[?:1.8.0_261]
	at sun.reflect.DelegatingMethodAccessorImpl.invoke(DelegatingMethodAccessorImpl.java:43) ~[?:1.8.0_261]
	at java.lang.reflect.Method.invoke(Method.java:498) ~[?:1.8.0_261]
	at org.testng.internal.MethodInvocationHelper.invokeMethod(MethodInvocationHelper.java:134) ~[testng-7.1.0.jar:?]
	at org.testng.internal.TestInvoker.invokeMethod(TestInvoker.java:597) ~[testng-7.1.0.jar:?]
	at org.testng.internal.TestInvoker.invokeTestMethod(TestInvoker.java:173) ~[testng-7.1.0.jar:?]
	at org.testng.internal.MethodRunner.runInSequence(MethodRunner.java:46) ~[testng-7.1.0.jar:?]
	at org.testng.internal.TestInvoker$MethodInvocationAgent.invoke(TestInvoker.java:816) ~[testng-7.1.0.jar:?]
	at org.testng.internal.TestInvoker.invokeTestMethods(TestInvoker.java:146) ~[testng-7.1.0.jar:?]
	at org.testng.internal.TestMethodWorker.invokeTestMethods(TestMethodWorker.java:146) ~[testng-7.1.0.jar:?]
	at org.testng.internal.TestMethodWorker.run(TestMethodWorker.java:128) ~[testng-7.1.0.jar:?]
	at java.util.ArrayList.forEach(ArrayList.java:1259) [?:1.8.0_261]
	at org.testng.TestRunner.privateRun(TestRunner.java:766) [testng-7.1.0.jar:?]
	at org.testng.TestRunner.run(TestRunner.java:587) [testng-7.1.0.jar:?]
	at org.testng.SuiteRunner.runTest(SuiteRunner.java:384) [testng-7.1.0.jar:?]
	at org.testng.SuiteRunner.runSequentially(SuiteRunner.java:378) [testng-7.1.0.jar:?]
	at org.testng.SuiteRunner.privateRun(SuiteRunner.java:337) [testng-7.1.0.jar:?]
	at org.testng.SuiteRunner.run(SuiteRunner.java:286) [testng-7.1.0.jar:?]
	at org.testng.SuiteRunnerWorker.runSuite(SuiteRunnerWorker.java:53) [testng-7.1.0.jar:?]
	at org.testng.SuiteRunnerWorker.run(SuiteRunnerWorker.java:96) [testng-7.1.0.jar:?]
	at org.testng.TestNG.runSuitesSequentially(TestNG.java:1187) [testng-7.1.0.jar:?]
	at org.testng.TestNG.runSuitesLocally(TestNG.java:1109) [testng-7.1.0.jar:?]
	at org.testng.TestNG.runSuites(TestNG.java:1039) [testng-7.1.0.jar:?]
	at org.testng.TestNG.run(TestNG.java:1007) [testng-7.1.0.jar:?]
	at org.apache.maven.surefire.testng.TestNGExecutor.run(TestNGExecutor.java:283) [surefire-testng-2.22.1.jar:2.22.1]
	at org.apache.maven.surefire.testng.TestNGXmlTestSuite.execute(TestNGXmlTestSuite.java:75) [surefire-testng-2.22.1.jar:2.22.1]
	at org.apache.maven.surefire.testng.TestNGProvider.invoke(TestNGProvider.java:120) [surefire-testng-2.22.1.jar:2.22.1]
	at org.apache.maven.surefire.booter.ForkedBooter.invokeProviderInSameClassLoader(ForkedBooter.java:384) [surefire-booter-2.22.1.jar:2.22.1]
	at org.apache.maven.surefire.booter.ForkedBooter.runSuitesInProcess(ForkedBooter.java:345) [surefire-booter-2.22.1.jar:2.22.1]
	at org.apache.maven.surefire.booter.ForkedBooter.execute(ForkedBooter.java:126) [surefire-booter-2.22.1.jar:2.22.1]
	at org.apache.maven.surefire.booter.ForkedBooter.main(ForkedBooter.java:418) [surefire-booter-2.22.1.jar:2.22.1]
14:11:06.645 [main] INFO  UnDosTres - Going to take screnshot for test case->validatePaymentHasBeenCompletedThroughCard
14:11:06.645 [main] INFO  UnDosTres - Screenshot has been taken
14:11:07.213 [main] INFO  UnDosTres - Screenshot has been stored in screenshot folder
]]></system-out>
    <system-err><![CDATA[Starting MSEdgeDriver 85.0.564.51 (626274a16bb350129a74ead7a3d8d53a5ad39364) on port 34191
Only local connections are allowed.
Please see https://chromedriver.chromium.org/security-considerations for suggestions on keeping MSEdgeDriver safe.
MSEdgeDriver was started successfully.
Sep 30, 2020 2:10:06 PM org.openqa.selenium.remote.ProtocolHandshake createSession
INFO: Detected dialect: W3C
]]></system-err>
  </testcase>
  <testcase name="validatePaymentHasBeenCompletedThroughCard" classname="org.UnDosTres.test.PaymentDetailPageTest" time="25.397">
    <failure message="Unable to submit recharge as Pop Up Is not getting disappear expected [true] but found [false]" type="java.lang.AssertionError">java.lang.AssertionError: Unable to submit recharge as Pop Up Is not getting disappear expected [true] but found [false]
	at org.UnDosTres.test.PaymentDetailPageTest.validatePaymentHasBeenCompletedThroughCard(PaymentDetailPageTest.java:75)
</failure>
    <system-out><![CDATA[14:11:08.466 [main] INFO  UnDosTres - Currently executing PaymentDetail Test cases, Initializing browser Chrome
14:11:13.935 [main] INFO  UnDosTres - Browser->chrome has been opened successfully
14:11:21.962 [main] INFO  UnDosTres - Url Has been entered-> http://prueba.undostres.com.mx
14:11:24.572 [main] INFO  UnDosTres - Click on the operator field to open the operator list
14:11:25.063 [main] INFO  UnDosTres - Oprator list has been found, number of operator in list are->14
14:11:25.757 [main] INFO  UnDosTres - Operator selected as Telcel successfully
14:11:26.251 [main] INFO  UnDosTres - Element with 5523261151 entered successfully
14:11:26.251 [main] INFO  UnDosTres - Mobile Number->5523261151 has been entered successfully
14:11:26.568 [main] INFO  UnDosTres - Getting recharge type web element Recarga Saldo
14:11:26.592 [main] INFO  UnDosTres - Recharge type webelement has been found successfully
14:11:26.862 [main] INFO  UnDosTres - Click over Recharge type->Recarga Saldo
14:11:27.257 [main] INFO  UnDosTres - Clicked on the amount 10
14:11:27.258 [main] INFO  UnDosTres - Going to click on submit button to move towards payment page
14:11:28.049 [main] INFO  UnDosTres - Clicked on perform payment button
14:11:41.079 [main] INFO  UnDosTres - Element with Test entered successfully
14:11:41.588 [main] INFO  UnDosTres - Element with 4111111111111111 entered successfully
14:11:41.988 [main] INFO  UnDosTres - Element with 11 entered successfully
14:11:42.557 [main] INFO  UnDosTres - Element with 2025 entered successfully
14:11:43.042 [main] INFO  UnDosTres - Element with 111 entered successfully
14:11:43.461 [main] INFO  UnDosTres - Element with test@test.com entered successfully
14:11:44.126 [main] INFO  UnDosTres - ChromeBrowser Start Execution of test case ->validatePaymentHasBeenCompletedThroughCard
14:11:45.537 [main] INFO  UnDosTres - Element with automationexcersise@test.com entered successfully
14:11:46.123 [main] INFO  UnDosTres - Element with 123456 entered successfully
Pop Up Is Still Visible
14:12:08.971 [main] ERROR UnDosTres - Pop Up Is Still Visbile Unable to check if recharge is successfull 
org.openqa.selenium.TimeoutException: Expected condition failed: waiting for element to no longer be visible: By.cssSelector: img.fbloginButton (tried for 20 second(s) with 2000 milliseconds interval)
Build info: version: '3.141.59', revision: 'e82be7d358', time: '2018-11-14T08:17:03'
System info: host: 'LAPTOP-S4EEHFLF', ip: '192.168.1.6', os.name: 'Windows 10', os.arch: 'amd64', os.version: '10.0', java.version: '1.8.0_261'
Driver info: driver.version: unknown
	at org.UnDosTres.pages.PaymentDetailPage.fillPopUpAndClickSubmit(PaymentDetailPage.java:156) ~[classes/:?]
	at org.UnDosTres.test.PaymentDetailPageTest.validatePaymentHasBeenCompletedThroughCard(PaymentDetailPageTest.java:75) ~[test-classes/:?]
	at sun.reflect.NativeMethodAccessorImpl.invoke0(Native Method) ~[?:1.8.0_261]
	at sun.reflect.NativeMethodAccessorImpl.invoke(NativeMethodAccessorImpl.java:62) ~[?:1.8.0_261]
	at sun.reflect.DelegatingMethodAccessorImpl.invoke(DelegatingMethodAccessorImpl.java:43) ~[?:1.8.0_261]
	at java.lang.reflect.Method.invoke(Method.java:498) ~[?:1.8.0_261]
	at org.testng.internal.MethodInvocationHelper.invokeMethod(MethodInvocationHelper.java:134) ~[testng-7.1.0.jar:?]
	at org.testng.internal.TestInvoker.invokeMethod(TestInvoker.java:597) ~[testng-7.1.0.jar:?]
	at org.testng.internal.TestInvoker.invokeTestMethod(TestInvoker.java:173) ~[testng-7.1.0.jar:?]
	at org.testng.internal.MethodRunner.runInSequence(MethodRunner.java:46) ~[testng-7.1.0.jar:?]
	at org.testng.internal.TestInvoker$MethodInvocationAgent.invoke(TestInvoker.java:816) ~[testng-7.1.0.jar:?]
	at org.testng.internal.TestInvoker.invokeTestMethods(TestInvoker.java:146) ~[testng-7.1.0.jar:?]
	at org.testng.internal.TestMethodWorker.invokeTestMethods(TestMethodWorker.java:146) ~[testng-7.1.0.jar:?]
	at org.testng.internal.TestMethodWorker.run(TestMethodWorker.java:128) ~[testng-7.1.0.jar:?]
	at java.util.ArrayList.forEach(ArrayList.java:1259) [?:1.8.0_261]
	at org.testng.TestRunner.privateRun(TestRunner.java:766) [testng-7.1.0.jar:?]
	at org.testng.TestRunner.run(TestRunner.java:587) [testng-7.1.0.jar:?]
	at org.testng.SuiteRunner.runTest(SuiteRunner.java:384) [testng-7.1.0.jar:?]
	at org.testng.SuiteRunner.runSequentially(SuiteRunner.java:378) [testng-7.1.0.jar:?]
	at org.testng.SuiteRunner.privateRun(SuiteRunner.java:337) [testng-7.1.0.jar:?]
	at org.testng.SuiteRunner.run(SuiteRunner.java:286) [testng-7.1.0.jar:?]
	at org.testng.SuiteRunnerWorker.runSuite(SuiteRunnerWorker.java:53) [testng-7.1.0.jar:?]
	at org.testng.SuiteRunnerWorker.run(SuiteRunnerWorker.java:96) [testng-7.1.0.jar:?]
	at org.testng.TestNG.runSuitesSequentially(TestNG.java:1187) [testng-7.1.0.jar:?]
	at org.testng.TestNG.runSuitesLocally(TestNG.java:1109) [testng-7.1.0.jar:?]
	at org.testng.TestNG.runSuites(TestNG.java:1039) [testng-7.1.0.jar:?]
	at org.testng.TestNG.run(TestNG.java:1007) [testng-7.1.0.jar:?]
	at org.apache.maven.surefire.testng.TestNGExecutor.run(TestNGExecutor.java:283) [surefire-testng-2.22.1.jar:2.22.1]
	at org.apache.maven.surefire.testng.TestNGXmlTestSuite.execute(TestNGXmlTestSuite.java:75) [surefire-testng-2.22.1.jar:2.22.1]
	at org.apache.maven.surefire.testng.TestNGProvider.invoke(TestNGProvider.java:120) [surefire-testng-2.22.1.jar:2.22.1]
	at org.apache.maven.surefire.booter.ForkedBooter.invokeProviderInSameClassLoader(ForkedBooter.java:384) [surefire-booter-2.22.1.jar:2.22.1]
	at org.apache.maven.surefire.booter.ForkedBooter.runSuitesInProcess(ForkedBooter.java:345) [surefire-booter-2.22.1.jar:2.22.1]
	at org.apache.maven.surefire.booter.ForkedBooter.execute(ForkedBooter.java:126) [surefire-booter-2.22.1.jar:2.22.1]
	at org.apache.maven.surefire.booter.ForkedBooter.main(ForkedBooter.java:418) [surefire-booter-2.22.1.jar:2.22.1]
14:12:08.977 [main] INFO  UnDosTres - Going to take screnshot for test case->validatePaymentHasBeenCompletedThroughCard
14:12:08.977 [main] INFO  UnDosTres - Screenshot has been taken
14:12:09.500 [main] INFO  UnDosTres - Screenshot has been stored in screenshot folder
]]></system-out>
    <system-err><![CDATA[Starting ChromeDriver 85.0.4183.87 (cd6713ebf92fa1cacc0f1a598df280093af0c5d7-refs/branch-heads/4183@{#1689}) on port 6492
Only local connections are allowed.
Please see https://chromedriver.chromium.org/security-considerations for suggestions on keeping ChromeDriver safe.
ChromeDriver was started successfully.
Sep 30, 2020 2:11:11 PM org.openqa.selenium.remote.ProtocolHandshake createSession
INFO: Detected dialect: W3C
]]></system-err>
  </testcase>
</testsuite>