<?xml version="1.0" encoding="UTF-8"?>
<!-- Generated by org.testng.reporters.JUnitXMLReporter -->
<testsuite hostname="LAPTOP-S4EEHFLF" ignored="0" name="UnDosTres HomePage" tests="6" failures="2" timestamp="2020-09-30T14:12:10 IST" time="187.834" errors="0">
  <testcase name="validateHomePageIsGettingOpen" time="2.04" classname="org.UnDosTres.test.HomePageTest"/>
  <testcase name="validateRecargaCelularIsShown" time="2.217" classname="org.UnDosTres.test.HomePageTest"/>
  <testcase name="validateHomePageIsGettingOpen" time="0.12" classname="org.UnDosTres.test.HomePageTest"/>
  <testcase name="validateRecargaCelularIsShown" time="0.2" classname="org.UnDosTres.test.HomePageTest"/>
  <testcase name="validatePaymentHasBeenCompletedThroughCard" time="23.723" classname="org.UnDosTres.test.PaymentDetailPageTest">
    <failure type="java.lang.AssertionError" message="Unable to submit recharge as Pop Up Is not getting disappear expected [true] but found [false]">
      <![CDATA[java.lang.AssertionError: Unable to submit recharge as Pop Up Is not getting disappear expected [true] but found [false]
at org.UnDosTres.test.PaymentDetailPageTest.validatePaymentHasBeenCompletedThroughCard(PaymentDetailPageTest.java:75)
at java.util.ArrayList.forEach(ArrayList.java:1259)
... Removed 34 stack frames]]>
    </failure>
  </testcase> <!-- validatePaymentHasBeenCompletedThroughCard -->
  <testcase name="validatePaymentHasBeenCompletedThroughCard" time="24.845" classname="org.UnDosTres.test.PaymentDetailPageTest">
    <failure type="java.lang.AssertionError" message="Unable to submit recharge as Pop Up Is not getting disappear expected [true] but found [false]">
      <![CDATA[java.lang.AssertionError: Unable to submit recharge as Pop Up Is not getting disappear expected [true] but found [false]
at org.UnDosTres.test.PaymentDetailPageTest.validatePaymentHasBeenCompletedThroughCard(PaymentDetailPageTest.java:75)
at java.util.ArrayList.forEach(ArrayList.java:1259)
... Removed 34 stack frames]]>
    </failure>
  </testcase> <!-- validatePaymentHasBeenCompletedThroughCard -->
</testsuite> <!-- UnDosTres HomePage -->
